0 info it worked if it ends with ok
1 verbose cli [ 'C:\\Program Files\\nodejs\\node.exe',
1 verbose cli   'C:\\Users\\John Mark\\AppData\\Roaming\\npm\\node_modules\\npm\\bin\\npm-cli.js',
1 verbose cli   'run',
1 verbose cli   'build' ]
2 info using npm@3.10.10
3 info using node@v10.8.0
4 verbose run-script [ 'prebuild', 'build', 'postbuild' ]
5 info lifecycle JavaScript-NT@1.0.0~prebuild: JavaScript-NT@1.0.0
6 silly lifecycle JavaScript-NT@1.0.0~prebuild: no script for prebuild, continuing
7 info lifecycle JavaScript-NT@1.0.0~build: JavaScript-NT@1.0.0
8 verbose lifecycle JavaScript-NT@1.0.0~build: unsafe-perm in lifecycle true
9 verbose lifecycle JavaScript-NT@1.0.0~build: PATH: C:\Users\John Mark\AppData\Roaming\npm\node_modules\npm\bin\node-gyp-bin;C:\Users\John Mark\Desktop\test\orig\front-end-test-v2\JavaScript-NT\node_modules\.bin;C:\Program Files (x86)\Common Files\Oracle\Java\javapath;c:\programdata\oracle\java\javapath;c:\program files (x86)\intel\icls client\;c:\program files\intel\icls client\;c:\windows\system32;c:\windows;c:\windows\system32\wbem;c:\windows\system32\windowspowershell\v1.0\;c:\program files\intel\wifi\bin\;c:\program files\common files\intel\wirelesscommon\;c:\program files\intel\intel(r) management engine components\dal;c:\program files\intel\intel(r) management engine components\ipt;c:\program files (x86)\intel\intel(r) management engine components\dal;c:\program files (x86)\intel\intel(r) management engine components\ipt;c:\program files\java\jdk1.8.0_111\bin;C:\Program Files\MySQL\MySQL Utilities 1.6\;C:\Program Files (x86)\GtkSharp\2.12\bin;D:\Program Files\Git\cmd;C:\Program Files\MongoDB\Server\3.4\bin;C:\Program Files\Microsoft SQL Server\130\Tools\Binn\;C:\Program Files\dotnet\;C:\Program Files (x86)\Yarn\bin;C:\Program Files (x86)\NVIDIA Corporation\PhysX\Common;C:\Users\John Mark\AppData\Roaming\nvm;C:\Program Files\nodejs;C:\Program Files\nodejs\;C:\Program Files (x86)\Microsoft VS Code\bin;C:\Ruby24-x64\bin;C:\Program Files\Heroku\bin;C:\Program Files (x86)\Microsoft VS Code\bin;C:\Users\John Mark\AppData\Local\atom\bin;C:\Users\John Mark\AppData\Local\Yarn\bin;C:\Users\John Mark\AppData\Local\GitHubDesktop\bin;C:\Users\John Mark\AppData\Roaming\nvm;C:\Program Files\nodejs;C:\Users\John Mark\AppData\Roaming\npm
10 verbose lifecycle JavaScript-NT@1.0.0~build: CWD: C:\Users\John Mark\Desktop\test\orig\front-end-test-v2\JavaScript-NT
11 silly lifecycle JavaScript-NT@1.0.0~build: Args: [ '/d /s /c', 'webpack --config webpack.config.js' ]
12 silly lifecycle JavaScript-NT@1.0.0~build: Returned: code: 2  signal: null
13 info lifecycle JavaScript-NT@1.0.0~build: Failed to exec build script
14 verbose stack Error: JavaScript-NT@1.0.0 build: `webpack --config webpack.config.js`
14 verbose stack Exit status 2
14 verbose stack     at EventEmitter.<anonymous> (C:\Users\John Mark\AppData\Roaming\npm\node_modules\npm\lib\utils\lifecycle.js:255:16)
14 verbose stack     at EventEmitter.emit (events.js:182:13)
14 verbose stack     at ChildProcess.<anonymous> (C:\Users\John Mark\AppData\Roaming\npm\node_modules\npm\lib\utils\spawn.js:40:14)
14 verbose stack     at ChildProcess.emit (events.js:182:13)
14 verbose stack     at maybeClose (internal/child_process.js:962:16)
14 verbose stack     at Process.ChildProcess._handle.onexit (internal/child_process.js:249:5)
15 verbose pkgid JavaScript-NT@1.0.0
16 verbose cwd C:\Users\John Mark\Desktop\test\orig\front-end-test-v2\JavaScript-NT
17 error Windows_NT 6.3.9600
18 error argv "C:\\Program Files\\nodejs\\node.exe" "C:\\Users\\John Mark\\AppData\\Roaming\\npm\\node_modules\\npm\\bin\\npm-cli.js" "run" "build"
19 error node v10.8.0
20 error npm  v3.10.10
21 error code ELIFECYCLE
22 error JavaScript-NT@1.0.0 build: `webpack --config webpack.config.js`
22 error Exit status 2
23 error Failed at the JavaScript-NT@1.0.0 build script 'webpack --config webpack.config.js'.
23 error Make sure you have the latest version of node.js and npm installed.
23 error If you do, this is most likely a problem with the JavaScript-NT package,
23 error not with npm itself.
23 error Tell the author that this fails on your system:
23 error     webpack --config webpack.config.js
23 error You can get information on how to open an issue for this project with:
23 error     npm bugs JavaScript-NT
23 error Or if that isn't available, you can get their info via:
23 error     npm owner ls JavaScript-NT
23 error There is likely additional logging output above.
24 verbose exit [ 1, true ]
